[2019-03-19 15:04:40.697] [DEBUG] FabricConfiguration - Msp ID : Org1MSP
[2019-03-19 15:04:40.714] [DEBUG] FabricConfiguration - Msp ID : Org1MSP
[2019-03-19 15:04:40.776] [INFO] main - Please set logger.setLevel to DEBUG in ./app/helper.js to log the debugging.
[2019-03-19 15:04:40.776] [INFO] main - Please set logger.setLevel to DEBUG in ./app/helper.js to log the debugging.
[2019-03-19 15:04:40.808] [DEBUG] Query - <<< Instantiated Chaincodes >>>
[2019-03-19 15:04:40.808] [DEBUG] Query - name: Kare4u_20, version: 1.0, path: github.com/Kare4u_20
[2019-03-19 15:04:40.826] [DEBUG] Query - ===========================================
[2019-03-19 15:04:40.826] [DEBUG] Query - ByteBuffer {
  buffer: <Buffer 08 02 12 20 92 d1 c7 1d 98 d2 9c 6e 19 62 52 84 24 13 f6 a3 56 c1 f5 02 c5 49 19 e2 7f f7 63 d1 f8 78 1d 13 1a 20 05 8a bc a6 e7 ac 86 7b a0 6e 47 4b ... >,
  offset: 4,
  markedOffset: -1,
  limit: 36,
  littleEndian: true,
  noAssert: false }
[2019-03-19 15:04:40.830] [DEBUG] Query - ===========================================
[2019-03-19 15:04:40.840] [DEBUG] Query - ===========================================
[2019-03-19 15:04:40.840] [DEBUG] Query - ByteBuffer {
  buffer: <Buffer 08 02 12 20 92 d1 c7 1d 98 d2 9c 6e 19 62 52 84 24 13 f6 a3 56 c1 f5 02 c5 49 19 e2 7f f7 63 d1 f8 78 1d 13 1a 20 05 8a bc a6 e7 ac 86 7b a0 6e 47 4b ... >,
  offset: 4,
  markedOffset: -1,
  limit: 36,
  littleEndian: true,
  noAssert: false }
[2019-03-19 15:04:40.841] [DEBUG] Query - ===========================================
[2019-03-19 15:06:40.819] [DEBUG] FabricConfiguration - Msp ID : Org1MSP
[2019-03-19 15:06:40.835] [DEBUG] FabricConfiguration - Msp ID : Org1MSP
[2019-03-19 15:06:40.918] [INFO] main - Please set logger.setLevel to DEBUG in ./app/helper.js to log the debugging.
[2019-03-19 15:06:52.420] [DEBUG] platform - GetStatus All! [ { status: 'RUNNING', server_hostname: 'peer0.org1.example.com' } ]
[2019-03-19 18:12:05.512] [DEBUG] FabricConfiguration - Msp ID : Org1MSP
[2019-03-19 18:12:05.581] [DEBUG] FabricConfiguration - Msp ID : Org1MSP
[2019-03-19 18:12:05.781] [INFO] main - Please set logger.setLevel to DEBUG in ./app/helper.js to log the debugging.
[2019-03-19 18:12:05.781] [INFO] main - Please set logger.setLevel to DEBUG in ./app/helper.js to log the debugging.
[2019-03-19 18:12:05.796] [DEBUG] Query - <<< Instantiated Chaincodes >>>
[2019-03-19 18:12:05.796] [DEBUG] Query - name: fabcar, version: 1.0, path: github.com/fabcar/go
[2019-03-19 18:12:05.976] [DEBUG] Query - ===========================================
[2019-03-19 18:12:05.976] [DEBUG] Query - ByteBuffer {
  buffer: <Buffer 08 03 12 20 a5 15 89 e5 c4 d4 2d ba 1e 62 f7 04 ac 4f 30 10 be 33 c0 5a 86 e4 1a 5a 37 d2 e4 5f 98 ea ea e3 1a 20 75 a7 d5 ab 8e 0a e5 49 7e 41 de c2 ... >,
  offset: 4,
  markedOffset: -1,
  limit: 36,
  littleEndian: true,
  noAssert: false }
[2019-03-19 18:12:13.657] [DEBUG] FabricConfiguration - Msp ID : Org1MSP
[2019-03-19 18:12:13.688] [DEBUG] FabricConfiguration - Msp ID : Org1MSP
[2019-03-19 18:12:13.788] [INFO] main - Please set logger.setLevel to DEBUG in ./app/helper.js to log the debugging.
[2019-03-19 18:12:13.788] [INFO] main - Please set logger.setLevel to DEBUG in ./app/helper.js to log the debugging.
[2019-03-19 18:12:13.865] [DEBUG] Query - <<< Instantiated Chaincodes >>>
[2019-03-19 18:12:13.865] [DEBUG] Query - name: fabcar, version: 1.0, path: github.com/fabcar/go
[2019-03-19 18:12:13.930] [DEBUG] Query - ===========================================
[2019-03-19 18:12:13.930] [DEBUG] Query - ByteBuffer {
  buffer: <Buffer 08 03 12 20 a5 15 89 e5 c4 d4 2d ba 1e 62 f7 04 ac 4f 30 10 be 33 c0 5a 86 e4 1a 5a 37 d2 e4 5f 98 ea ea e3 1a 20 75 a7 d5 ab 8e 0a e5 49 7e 41 de c2 ... >,
  offset: 4,
  markedOffset: -1,
  limit: 36,
  littleEndian: true,
  noAssert: false }
[2019-03-19 18:17:38.394] [DEBUG] FabricConfiguration - Msp ID : Org1MSP
[2019-03-19 18:17:38.420] [DEBUG] FabricConfiguration - Msp ID : Org1MSP
[2019-03-19 18:17:38.564] [INFO] main - Please set logger.setLevel to DEBUG in ./app/helper.js to log the debugging.
[2019-03-19 18:17:38.564] [INFO] main - Please set logger.setLevel to DEBUG in ./app/helper.js to log the debugging.
[2019-03-19 18:17:38.589] [DEBUG] Query - <<< Instantiated Chaincodes >>>
[2019-03-19 18:17:38.589] [DEBUG] Query - name: fabcar, version: 1.0, path: github.com/fabcar/go
[2019-03-19 18:53:52.313] [DEBUG] FabricConfiguration - Msp ID : Org1MSP
[2019-03-19 18:53:52.392] [DEBUG] FabricConfiguration - Msp ID : Org1MSP
[2019-03-19 18:53:52.583] [INFO] main - Please set logger.setLevel to DEBUG in ./app/helper.js to log the debugging.
[2019-03-19 18:53:52.583] [INFO] main - Please set logger.setLevel to DEBUG in ./app/helper.js to log the debugging.
[2019-03-19 18:53:57.230] [DEBUG] FabricConfiguration - Msp ID : Org1MSP
[2019-03-19 18:53:57.255] [DEBUG] FabricConfiguration - Msp ID : Org1MSP
[2019-03-19 18:53:57.357] [INFO] main - Please set logger.setLevel to DEBUG in ./app/helper.js to log the debugging.
[2019-03-19 18:53:57.357] [INFO] main - Please set logger.setLevel to DEBUG in ./app/helper.js to log the debugging.
[2019-03-19 18:53:57.368] [DEBUG] Query - <<< Instantiated Chaincodes >>>
[2019-03-19 18:53:57.369] [DEBUG] Query - name: Kare4u_20, version: 1.0, path: github.com/Kare4u_20
[2019-03-19 19:02:38.861] [DEBUG] FabricConfiguration - Msp ID : Org1MSP
[2019-03-19 19:02:38.899] [DEBUG] FabricConfiguration - Msp ID : Org1MSP
[2019-03-19 19:02:38.993] [INFO] main - Please set logger.setLevel to DEBUG in ./app/helper.js to log the debugging.
[2019-03-19 19:02:38.993] [INFO] main - Please set logger.setLevel to DEBUG in ./app/helper.js to log the debugging.
[2019-03-19 19:02:41.457] [DEBUG] FabricConfiguration - Msp ID : Org1MSP
[2019-03-19 19:02:41.483] [DEBUG] FabricConfiguration - Msp ID : Org1MSP
[2019-03-19 19:02:41.589] [INFO] main - Please set logger.setLevel to DEBUG in ./app/helper.js to log the debugging.
[2019-03-19 19:02:41.589] [INFO] main - Please set logger.setLevel to DEBUG in ./app/helper.js to log the debugging.
[2019-03-19 19:02:41.602] [DEBUG] Query - <<< Instantiated Chaincodes >>>
[2019-03-19 19:02:41.602] [DEBUG] Query - name: Kare4u_20, version: 1.0, path: github.com/Kare4u_20
[2019-03-19 19:06:49.222] [DEBUG] FabricConfiguration - Msp ID : Org1MSP
[2019-03-19 19:06:49.247] [DEBUG] FabricConfiguration - Msp ID : Org1MSP
[2019-03-19 19:06:49.352] [INFO] main - Please set logger.setLevel to DEBUG in ./app/helper.js to log the debugging.
[2019-03-19 19:06:49.352] [INFO] main - Please set logger.setLevel to DEBUG in ./app/helper.js to log the debugging.
[2019-03-19 19:06:49.371] [DEBUG] Query - <<< Instantiated Chaincodes >>>
[2019-03-19 19:06:49.371] [DEBUG] Query - name: Kare4u_20, version: 1.0, path: github.com/Kare4u_20
[2019-03-19 19:06:49.462] [DEBUG] Query - ===========================================
[2019-03-19 19:06:49.463] [DEBUG] Query - ByteBuffer {
  buffer: <Buffer 08 02 12 20 f5 0b 24 ab ea 04 e3 e7 a3 86 da 1b 5f e7 77 5b 8f 0a bd 6c 97 d5 d8 0a d1 58 84 b2 cd e4 00 a9 1a 20 57 e5 fa eb d4 e0 0d 57 89 aa 98 fe ... >,
  offset: 4,
  markedOffset: -1,
  limit: 36,
  littleEndian: true,
  noAssert: false }
[2019-03-19 19:06:49.468] [DEBUG] Query - ===========================================
[2019-03-19 19:06:49.484] [DEBUG] Query - ===========================================
[2019-03-19 19:06:49.484] [DEBUG] Query - ByteBuffer {
  buffer: <Buffer 08 02 12 20 f5 0b 24 ab ea 04 e3 e7 a3 86 da 1b 5f e7 77 5b 8f 0a bd 6c 97 d5 d8 0a d1 58 84 b2 cd e4 00 a9 1a 20 57 e5 fa eb d4 e0 0d 57 89 aa 98 fe ... >,
  offset: 4,
  markedOffset: -1,
  limit: 36,
  littleEndian: true,
  noAssert: false }
[2019-03-19 19:06:49.485] [DEBUG] Query - ===========================================
[2019-03-19 19:07:43.912] [DEBUG] platform - GetStatus All! [ { status: 'RUNNING', server_hostname: 'peer0.org1.example.com' } ]
[2019-03-19 19:07:44.622] [DEBUG] platform - GetStatus All! [ { status: 'RUNNING', server_hostname: 'peer0.org1.example.com' } ]
[2019-03-19 19:09:04.599] [DEBUG] platform - GetStatus All! [ { status: 'RUNNING', server_hostname: 'peer0.org1.example.com' } ]
[2019-03-19 19:10:22.327] [DEBUG] platform - GetStatus All! [ { status: 'RUNNING', server_hostname: 'peer0.org1.example.com' } ]
[2019-03-19 19:11:04.615] [DEBUG] platform - GetStatus All! [ { status: 'RUNNING', server_hostname: 'peer0.org1.example.com' } ]
[2019-03-19 19:12:04.616] [DEBUG] platform - GetStatus All! [ { status: 'RUNNING', server_hostname: 'peer0.org1.example.com' } ]
[2019-03-19 19:13:23.926] [DEBUG] platform - GetStatus All! [ { status: 'RUNNING', server_hostname: 'peer0.org1.example.com' } ]
[2019-03-19 19:14:25.317] [DEBUG] platform - GetStatus All! [ { status: 'RUNNING', server_hostname: 'peer0.org1.example.com' } ]
[2019-03-19 19:15:25.882] [DEBUG] platform - GetStatus All! [ { status: 'RUNNING', server_hostname: 'peer0.org1.example.com' } ]
[2019-03-19 19:16:18.738] [DEBUG] platform - GetStatus All! [ { status: 'RUNNING', server_hostname: 'peer0.org1.example.com' } ]
[2019-03-19 19:17:37.982] [DEBUG] platform - GetStatus All! [ { status: 'RUNNING', server_hostname: 'peer0.org1.example.com' } ]
[2019-03-19 19:18:39.425] [DEBUG] platform - GetStatus All! [ { status: 'RUNNING', server_hostname: 'peer0.org1.example.com' } ]
[2019-03-19 19:19:16.866] [DEBUG] platform - GetStatus All! [ { status: 'RUNNING', server_hostname: 'peer0.org1.example.com' } ]
[2019-03-19 19:20:38.251] [DEBUG] platform - GetStatus All! [ { status: 'RUNNING', server_hostname: 'peer0.org1.example.com' } ]
[2019-03-19 19:21:17.155] [DEBUG] platform - GetStatus All! [ { status: 'RUNNING', server_hostname: 'peer0.org1.example.com' } ]
[2019-03-19 19:22:36.433] [DEBUG] platform - GetStatus All! [ { status: 'RUNNING', server_hostname: 'peer0.org1.example.com' } ]
[2019-03-19 19:23:37.893] [DEBUG] platform - GetStatus All! [ { status: 'RUNNING', server_hostname: 'peer0.org1.example.com' } ]
[2019-03-19 19:23:58.042] [DEBUG] platform - GetStatus All! [ { status: 'RUNNING', server_hostname: 'peer0.org1.example.com' } ]
[2019-03-19 19:25:24.715] [DEBUG] platform - GetStatus All! [ { status: 'RUNNING', server_hostname: 'peer0.org1.example.com' } ]
[2019-03-19 19:26:17.183] [DEBUG] platform - GetStatus All! [ { status: 'RUNNING', server_hostname: 'peer0.org1.example.com' } ]
[2019-03-19 19:27:17.328] [DEBUG] platform - GetStatus All! [ { status: 'RUNNING', server_hostname: 'peer0.org1.example.com' } ]
[2019-03-19 19:28:56.870] [DEBUG] FabricConfiguration - Msp ID : Org1MSP
[2019-03-19 19:28:56.896] [DEBUG] FabricConfiguration - Msp ID : Org1MSP
[2019-03-19 19:28:56.987] [INFO] main - Please set logger.setLevel to DEBUG in ./app/helper.js to log the debugging.
[2019-03-19 19:28:56.987] [INFO] main - Please set logger.setLevel to DEBUG in ./app/helper.js to log the debugging.
[2019-03-19 19:28:57.109] [DEBUG] Query - <<< Instantiated Chaincodes >>>
[2019-03-19 19:28:57.109] [DEBUG] Query - name: Kare4u_20, version: 1.0, path: github.com/Kare4u_20
[2019-03-19 19:28:57.144] [DEBUG] Query - ===========================================
[2019-03-19 19:28:57.144] [DEBUG] Query - ByteBuffer {
  buffer: <Buffer 08 0b 12 20 1a 20 a9 25 a3 4a 12 67 8a 55 d5 c9 ef 22 25 90 bb 07 4c 4b 5b df ac 77 34 8e db af d7 12 9f 44 1a 20 61 d9 c1 c1 d8 11 a4 83 c1 fe 34 ef ... >,
  offset: 4,
  markedOffset: -1,
  limit: 36,
  littleEndian: true,
  noAssert: false }
[2019-03-19 19:28:57.150] [DEBUG] Query - ===========================================
[2019-03-19 19:28:57.170] [DEBUG] Query - ===========================================
[2019-03-19 19:28:57.170] [DEBUG] Query - ByteBuffer {
  buffer: <Buffer 08 0b 12 20 1a 20 a9 25 a3 4a 12 67 8a 55 d5 c9 ef 22 25 90 bb 07 4c 4b 5b df ac 77 34 8e db af d7 12 9f 44 1a 20 61 d9 c1 c1 d8 11 a4 83 c1 fe 34 ef ... >,
  offset: 4,
  markedOffset: -1,
  limit: 36,
  littleEndian: true,
  noAssert: false }
[2019-03-19 19:28:57.170] [DEBUG] Query - ===========================================
[2019-03-19 19:29:14.419] [DEBUG] platform - GetStatus All! [ { status: 'RUNNING', server_hostname: 'peer0.org1.example.com' } ]
[2019-03-19 19:29:37.066] [DEBUG] FabricConfiguration - Msp ID : Org1MSP
[2019-03-19 19:29:37.093] [DEBUG] FabricConfiguration - Msp ID : Org1MSP
[2019-03-19 19:29:37.181] [INFO] main - Please set logger.setLevel to DEBUG in ./app/helper.js to log the debugging.
[2019-03-19 19:29:37.181] [INFO] main - Please set logger.setLevel to DEBUG in ./app/helper.js to log the debugging.
[2019-03-19 19:29:37.200] [DEBUG] Query - <<< Instantiated Chaincodes >>>
[2019-03-19 19:29:37.201] [DEBUG] Query - name: Kare4u_20, version: 1.0, path: github.com/Kare4u_20
[2019-03-19 19:29:37.293] [DEBUG] Query - ===========================================
[2019-03-19 19:29:37.294] [DEBUG] Query - ByteBuffer {
  buffer: <Buffer 08 0b 12 20 1a 20 a9 25 a3 4a 12 67 8a 55 d5 c9 ef 22 25 90 bb 07 4c 4b 5b df ac 77 34 8e db af d7 12 9f 44 1a 20 61 d9 c1 c1 d8 11 a4 83 c1 fe 34 ef ... >,
  offset: 4,
  markedOffset: -1,
  limit: 36,
  littleEndian: true,
  noAssert: false }
[2019-03-19 19:29:37.301] [DEBUG] Query - ===========================================
[2019-03-19 19:29:37.319] [DEBUG] Query - ===========================================
[2019-03-19 19:29:37.319] [DEBUG] Query - ByteBuffer {
  buffer: <Buffer 08 0b 12 20 1a 20 a9 25 a3 4a 12 67 8a 55 d5 c9 ef 22 25 90 bb 07 4c 4b 5b df ac 77 34 8e db af d7 12 9f 44 1a 20 61 d9 c1 c1 d8 11 a4 83 c1 fe 34 ef ... >,
  offset: 4,
  markedOffset: -1,
  limit: 36,
  littleEndian: true,
  noAssert: false }
[2019-03-19 19:29:37.319] [DEBUG] Query - ===========================================
[2019-03-19 19:30:20.144] [DEBUG] platform - GetStatus All! [ { status: 'RUNNING', server_hostname: 'peer0.org1.example.com' } ]
[2019-03-19 19:30:41.563] [DEBUG] platform - GetStatus All! [ { status: 'RUNNING', server_hostname: 'peer0.org1.example.com' } ]
[2019-03-19 19:30:59.033] [DEBUG] platform - GetStatus All! [ { status: 'RUNNING', server_hostname: 'peer0.org1.example.com' } ]
[2019-03-19 19:32:01.474] [DEBUG] platform - GetStatus All! [ { status: 'RUNNING', server_hostname: 'peer0.org1.example.com' } ]
[2019-03-19 19:32:01.573] [DEBUG] platform - GetStatus All! [ { status: 'RUNNING', server_hostname: 'peer0.org1.example.com' } ]
[2019-03-19 19:32:48.461] [DEBUG] platform - GetStatus All! [ { status: 'RUNNING', server_hostname: 'peer0.org1.example.com' } ]
[2019-03-19 19:33:15.822] [DEBUG] platform - GetStatus All! [ { status: 'RUNNING', server_hostname: 'peer0.org1.example.com' } ]
[2019-03-19 19:34:05.766] [DEBUG] platform - GetStatus All! [ { status: 'RUNNING', server_hostname: 'peer0.org1.example.com' } ]
[2019-03-19 19:34:22.565] [DEBUG] platform - GetStatus All! [ { status: 'RUNNING', server_hostname: 'peer0.org1.example.com' } ]
[2019-03-19 19:35:07.023] [DEBUG] platform - GetStatus All! [ { status: 'RUNNING', server_hostname: 'peer0.org1.example.com' } ]
[2019-03-19 19:35:07.098] [DEBUG] platform - GetStatus All! [ { status: 'RUNNING', server_hostname: 'peer0.org1.example.com' } ]
[2019-03-19 19:36:01.567] [DEBUG] platform - GetStatus All! [ { status: 'RUNNING', server_hostname: 'peer0.org1.example.com' } ]
[2019-03-19 19:36:45.581] [DEBUG] FabricConfiguration - Msp ID : Org1MSP
[2019-03-19 19:36:45.607] [DEBUG] FabricConfiguration - Msp ID : Org1MSP
[2019-03-19 19:36:45.706] [INFO] main - Please set logger.setLevel to DEBUG in ./app/helper.js to log the debugging.
[2019-03-19 19:36:45.706] [INFO] main - Please set logger.setLevel to DEBUG in ./app/helper.js to log the debugging.
[2019-03-19 19:36:45.778] [DEBUG] Query - <<< Instantiated Chaincodes >>>
[2019-03-19 19:36:45.778] [DEBUG] Query - name: Kare4u_20, version: 1.0, path: github.com/Kare4u_20
[2019-03-19 19:36:45.824] [DEBUG] Query - ===========================================
[2019-03-19 19:36:45.824] [DEBUG] Query - ByteBuffer {
  buffer: <Buffer 08 0d 12 20 92 d0 23 dd 68 6c 08 98 b7 46 b4 b1 04 4a 91 75 26 20 cc 51 8e be df 02 5f 70 ca 5b 56 ab ae ef 1a 20 12 e5 97 b0 69 15 83 d7 e9 6a ab cc ... >,
  offset: 4,
  markedOffset: -1,
  limit: 36,
  littleEndian: true,
  noAssert: false }
[2019-03-19 19:36:45.829] [DEBUG] Query - ===========================================
[2019-03-19 19:36:45.839] [DEBUG] Query - ===========================================
[2019-03-19 19:36:45.839] [DEBUG] Query - ByteBuffer {
  buffer: <Buffer 08 0d 12 20 92 d0 23 dd 68 6c 08 98 b7 46 b4 b1 04 4a 91 75 26 20 cc 51 8e be df 02 5f 70 ca 5b 56 ab ae ef 1a 20 12 e5 97 b0 69 15 83 d7 e9 6a ab cc ... >,
  offset: 4,
  markedOffset: -1,
  limit: 36,
  littleEndian: true,
  noAssert: false }
[2019-03-19 19:36:45.839] [DEBUG] Query - ===========================================
[2019-03-19 19:37:19.019] [DEBUG] platform - GetStatus All! [ { status: 'RUNNING', server_hostname: 'peer0.org1.example.com' } ]
[2019-03-19 19:37:38.508] [DEBUG] platform - GetStatus All! [ { status: 'RUNNING', server_hostname: 'peer0.org1.example.com' } ]
[2019-03-19 19:38:17.225] [DEBUG] platform - GetStatus All! [ { status: 'RUNNING', server_hostname: 'peer0.org1.example.com' } ]
[2019-03-19 19:38:38.886] [DEBUG] platform - GetStatus All! [ { status: 'RUNNING', server_hostname: 'peer0.org1.example.com' } ]
[2019-03-19 19:39:16.724] [DEBUG] platform - GetStatus All! [ { status: 'RUNNING', server_hostname: 'peer0.org1.example.com' } ]
[2019-03-19 19:39:57.348] [DEBUG] platform - GetStatus All! [ { status: 'RUNNING', server_hostname: 'peer0.org1.example.com' } ]
[2019-03-19 19:40:16.110] [DEBUG] platform - GetStatus All! [ { status: 'RUNNING', server_hostname: 'peer0.org1.example.com' } ]
[2019-03-19 19:40:45.905] [DEBUG] platform - GetStatus All! [ { status: 'RUNNING', server_hostname: 'peer0.org1.example.com' } ]
[2019-03-19 19:41:15.762] [DEBUG] platform - GetStatus All! [ { status: 'RUNNING', server_hostname: 'peer0.org1.example.com' } ]
[2019-03-19 19:41:46.179] [DEBUG] platform - GetStatus All! [ { status: 'RUNNING', server_hostname: 'peer0.org1.example.com' } ]
[2019-03-19 19:42:02.870] [DEBUG] platform - GetStatus All! [ { status: 'RUNNING', server_hostname: 'peer0.org1.example.com' } ]
[2019-03-19 19:43:02.835] [DEBUG] platform - GetStatus All! [ { status: 'RUNNING', server_hostname: 'peer0.org1.example.com' } ]
[2019-03-19 19:43:19.558] [DEBUG] platform - GetStatus All! [ { status: 'RUNNING', server_hostname: 'peer0.org1.example.com' } ]
[2019-03-19 19:44:02.927] [DEBUG] platform - GetStatus All! [ { status: 'RUNNING', server_hostname: 'peer0.org1.example.com' } ]
[2019-03-19 19:44:02.979] [DEBUG] platform - GetStatus All! [ { status: 'RUNNING', server_hostname: 'peer0.org1.example.com' } ]
[2019-03-19 19:45:02.824] [DEBUG] platform - GetStatus All! [ { status: 'RUNNING', server_hostname: 'peer0.org1.example.com' } ]
[2019-03-19 19:45:02.894] [DEBUG] platform - GetStatus All! [ { status: 'RUNNING', server_hostname: 'peer0.org1.example.com' } ]
[2019-03-19 19:46:03.993] [DEBUG] platform - GetStatus All! [ { status: 'RUNNING', server_hostname: 'peer0.org1.example.com' } ]
[2019-03-19 19:46:04.052] [DEBUG] platform - GetStatus All! [ { status: 'RUNNING', server_hostname: 'peer0.org1.example.com' } ]
[2019-03-19 19:47:03.525] [DEBUG] platform - GetStatus All! [ { status: 'RUNNING', server_hostname: 'peer0.org1.example.com' } ]
[2019-03-19 19:47:22.940] [DEBUG] platform - GetStatus All! [ { status: 'RUNNING', server_hostname: 'peer0.org1.example.com' } ]
[2019-03-19 19:48:04.057] [DEBUG] platform - GetStatus All! [ { status: 'RUNNING', server_hostname: 'peer0.org1.example.com' } ]
[2019-03-19 19:48:04.112] [DEBUG] platform - GetStatus All! [ { status: 'RUNNING', server_hostname: 'peer0.org1.example.com' } ]
[2019-03-19 19:49:06.825] [DEBUG] platform - GetStatus All! [ { status: 'RUNNING', server_hostname: 'peer0.org1.example.com' } ]
[2019-03-19 19:49:06.917] [DEBUG] platform - GetStatus All! [ { status: 'RUNNING', server_hostname: 'peer0.org1.example.com' } ]
[2019-03-19 19:49:54.467] [DEBUG] platform - GetStatus All! [ { status: 'RUNNING', server_hostname: 'peer0.org1.example.com' } ]
[2019-03-19 19:50:15.648] [DEBUG] platform - GetStatus All! [ { status: 'RUNNING', server_hostname: 'peer0.org1.example.com' } ]
[2019-03-19 19:50:55.040] [DEBUG] platform - GetStatus All! [ { status: 'RUNNING', server_hostname: 'peer0.org1.example.com' } ]
[2019-03-19 19:51:12.098] [DEBUG] platform - GetStatus All! [ { status: 'RUNNING', server_hostname: 'peer0.org1.example.com' } ]
[2019-03-19 19:52:11.955] [DEBUG] platform - GetStatus All! [ { status: 'RUNNING', server_hostname: 'peer0.org1.example.com' } ]
[2019-03-19 19:52:12.005] [DEBUG] platform - GetStatus All! [ { status: 'RUNNING', server_hostname: 'peer0.org1.example.com' } ]
[2019-03-19 19:52:55.050] [DEBUG] platform - GetStatus All! [ { status: 'RUNNING', server_hostname: 'peer0.org1.example.com' } ]
[2019-03-19 19:53:11.827] [DEBUG] platform - GetStatus All! [ { status: 'RUNNING', server_hostname: 'peer0.org1.example.com' } ]
[2019-03-19 19:53:55.040] [DEBUG] platform - GetStatus All! [ { status: 'RUNNING', server_hostname: 'peer0.org1.example.com' } ]
[2019-03-19 19:54:11.843] [DEBUG] platform - GetStatus All! [ { status: 'RUNNING', server_hostname: 'peer0.org1.example.com' } ]
[2019-03-19 19:55:11.820] [DEBUG] platform - GetStatus All! [ { status: 'RUNNING', server_hostname: 'peer0.org1.example.com' } ]
[2019-03-19 19:55:28.662] [DEBUG] platform - GetStatus All! [ { status: 'RUNNING', server_hostname: 'peer0.org1.example.com' } ]
[2019-03-19 19:56:11.880] [DEBUG] platform - GetStatus All! [ { status: 'RUNNING', server_hostname: 'peer0.org1.example.com' } ]
[2019-03-19 19:56:11.934] [DEBUG] platform - GetStatus All! [ { status: 'RUNNING', server_hostname: 'peer0.org1.example.com' } ]
[2019-03-19 19:56:55.029] [DEBUG] platform - GetStatus All! [ { status: 'RUNNING', server_hostname: 'peer0.org1.example.com' } ]
[2019-03-19 19:57:11.790] [DEBUG] platform - GetStatus All! [ { status: 'RUNNING', server_hostname: 'peer0.org1.example.com' } ]
[2019-03-19 19:58:11.764] [DEBUG] platform - GetStatus All! [ { status: 'RUNNING', server_hostname: 'peer0.org1.example.com' } ]
[2019-03-19 19:58:28.481] [DEBUG] platform - GetStatus All! [ { status: 'RUNNING', server_hostname: 'peer0.org1.example.com' } ]
[2019-03-19 19:59:11.798] [DEBUG] platform - GetStatus All! [ { status: 'RUNNING', server_hostname: 'peer0.org1.example.com' } ]
[2019-03-19 19:59:28.668] [DEBUG] platform - GetStatus All! [ { status: 'RUNNING', server_hostname: 'peer0.org1.example.com' } ]
[2019-03-19 20:00:11.878] [DEBUG] platform - GetStatus All! [ { status: 'RUNNING', server_hostname: 'peer0.org1.example.com' } ]
[2019-03-19 20:00:28.852] [DEBUG] platform - GetStatus All! [ { status: 'RUNNING', server_hostname: 'peer0.org1.example.com' } ]
[2019-03-19 20:01:11.611] [DEBUG] platform - GetStatus All! [ { status: 'RUNNING', server_hostname: 'peer0.org1.example.com' } ]
[2019-03-19 20:01:28.191] [DEBUG] platform - GetStatus All! [ { status: 'RUNNING', server_hostname: 'peer0.org1.example.com' } ]
[2019-03-19 20:02:11.533] [DEBUG] platform - GetStatus All! [ { status: 'RUNNING', server_hostname: 'peer0.org1.example.com' } ]
[2019-03-19 20:02:27.913] [DEBUG] platform - GetStatus All! [ { status: 'RUNNING', server_hostname: 'peer0.org1.example.com' } ]
[2019-03-19 20:02:55.032] [DEBUG] platform - GetStatus All! [ { status: 'RUNNING', server_hostname: 'peer0.org1.example.com' } ]
[2019-03-19 20:03:11.157] [DEBUG] platform - GetStatus All! [ { status: 'RUNNING', server_hostname: 'peer0.org1.example.com' } ]
[2019-03-19 20:04:09.237] [DEBUG] platform - GetStatus All! [ { status: 'RUNNING', server_hostname: 'peer0.org1.example.com' } ]
[2019-03-19 20:04:09.271] [DEBUG] platform - GetStatus All! [ { status: 'RUNNING', server_hostname: 'peer0.org1.example.com' } ]
[2019-03-19 20:05:09.114] [DEBUG] platform - GetStatus All! [ { status: 'RUNNING', server_hostname: 'peer0.org1.example.com' } ]
[2019-03-19 20:05:09.170] [DEBUG] platform - GetStatus All! [ { status: 'RUNNING', server_hostname: 'peer0.org1.example.com' } ]
[2019-03-19 20:06:14.601] [DEBUG] platform - GetStatus All! [ { status: 'RUNNING', server_hostname: 'peer0.org1.example.com' } ]
[2019-03-19 20:06:31.810] [DEBUG] platform - GetStatus All! [ { status: 'RUNNING', server_hostname: 'peer0.org1.example.com' } ]
[2019-03-19 20:07:13.364] [DEBUG] platform - GetStatus All! [ { status: 'RUNNING', server_hostname: 'peer0.org1.example.com' } ]
[2019-03-19 20:07:13.408] [DEBUG] platform - GetStatus All! [ { status: 'RUNNING', server_hostname: 'peer0.org1.example.com' } ]
[2019-03-19 20:08:13.285] [DEBUG] platform - GetStatus All! [ { status: 'RUNNING', server_hostname: 'peer0.org1.example.com' } ]
[2019-03-19 20:08:31.330] [DEBUG] platform - GetStatus All! [ { status: 'RUNNING', server_hostname: 'peer0.org1.example.com' } ]
[2019-03-19 20:08:55.075] [DEBUG] platform - GetStatus All! [ { status: 'RUNNING', server_hostname: 'peer0.org1.example.com' } ]
[2019-03-19 20:09:12.171] [DEBUG] platform - GetStatus All! [ { status: 'RUNNING', server_hostname: 'peer0.org1.example.com' } ]
[2019-03-19 20:09:55.068] [DEBUG] platform - GetStatus All! [ { status: 'RUNNING', server_hostname: 'peer0.org1.example.com' } ]
[2019-03-19 20:10:12.735] [DEBUG] platform - GetStatus All! [ { status: 'RUNNING', server_hostname: 'peer0.org1.example.com' } ]
[2019-03-19 20:10:55.055] [DEBUG] platform - GetStatus All! [ { status: 'RUNNING', server_hostname: 'peer0.org1.example.com' } ]
[2019-03-19 20:11:12.474] [DEBUG] platform - GetStatus All! [ { status: 'RUNNING', server_hostname: 'peer0.org1.example.com' } ]
[2019-03-19 20:11:55.044] [DEBUG] platform - GetStatus All! [ { status: 'RUNNING', server_hostname: 'peer0.org1.example.com' } ]
[2019-03-19 20:12:12.658] [DEBUG] platform - GetStatus All! [ { status: 'RUNNING', server_hostname: 'peer0.org1.example.com' } ]
[2019-03-19 20:12:55.078] [DEBUG] platform - GetStatus All! [ { status: 'RUNNING', server_hostname: 'peer0.org1.example.com' } ]
[2019-03-19 20:13:12.264] [DEBUG] platform - GetStatus All! [ { status: 'RUNNING', server_hostname: 'peer0.org1.example.com' } ]
[2019-03-19 20:14:13.248] [DEBUG] platform - GetStatus All! [ { status: 'RUNNING', server_hostname: 'peer0.org1.example.com' } ]
[2019-03-19 20:14:13.295] [DEBUG] platform - GetStatus All! [ { status: 'RUNNING', server_hostname: 'peer0.org1.example.com' } ]
[2019-03-19 20:14:55.063] [DEBUG] platform - GetStatus All! [ { status: 'RUNNING', server_hostname: 'peer0.org1.example.com' } ]
[2019-03-19 20:15:12.217] [DEBUG] platform - GetStatus All! [ { status: 'RUNNING', server_hostname: 'peer0.org1.example.com' } ]
[2019-03-19 20:16:12.523] [DEBUG] platform - GetStatus All! [ { status: 'RUNNING', server_hostname: 'peer0.org1.example.com' } ]
[2019-03-19 20:16:30.107] [DEBUG] platform - GetStatus All! [ { status: 'RUNNING', server_hostname: 'peer0.org1.example.com' } ]
[2019-03-19 20:17:16.957] [DEBUG] platform - GetStatus All! [ { status: 'RUNNING', server_hostname: 'peer0.org1.example.com' } ]
[2019-03-19 20:17:37.175] [DEBUG] platform - GetStatus All! [ { status: 'RUNNING', server_hostname: 'peer0.org1.example.com' } ]
[2019-03-19 20:18:13.925] [DEBUG] platform - GetStatus All! [ { status: 'RUNNING', server_hostname: 'peer0.org1.example.com' } ]
[2019-03-19 20:18:31.830] [DEBUG] platform - GetStatus All! [ { status: 'RUNNING', server_hostname: 'peer0.org1.example.com' } ]
[2019-03-19 20:18:55.049] [DEBUG] platform - GetStatus All! [ { status: 'RUNNING', server_hostname: 'peer0.org1.example.com' } ]
[2019-03-19 20:19:13.454] [DEBUG] platform - GetStatus All! [ { status: 'RUNNING', server_hostname: 'peer0.org1.example.com' } ]
[2019-03-19 20:20:12.773] [DEBUG] platform - GetStatus All! [ { status: 'RUNNING', server_hostname: 'peer0.org1.example.com' } ]
[2019-03-19 20:20:30.458] [DEBUG] platform - GetStatus All! [ { status: 'RUNNING', server_hostname: 'peer0.org1.example.com' } ]
[2019-03-19 20:20:55.063] [DEBUG] platform - GetStatus All! [ { status: 'RUNNING', server_hostname: 'peer0.org1.example.com' } ]
[2019-03-19 20:21:13.991] [DEBUG] platform - GetStatus All! [ { status: 'RUNNING', server_hostname: 'peer0.org1.example.com' } ]
